1667917581730	geckodriver	INFO	Listening on 127.0.0.1:45953
1667917581779	mozrunner::runner	INFO	Running command: "/usr/bin/firefox" "--marionette" "--remote-debugging-port" "44531" "--remote-allow-hosts" "localhost" "-no-remote" "-profile" "/tmp/rust_mozprofilezcx4LR"
ATTENTION: default value of option mesa_glthread overridden by environment.
ATTENTION: default value of option mesa_glthread overridden by environment.
ATTENTION: default value of option mesa_glthread overridden by environment.
ATTENTION: default value of option mesa_glthread overridden by environment.
1667917582528	Marionette	INFO	Marionette enabled
1667917582533	Marionette	INFO	Listening on port 36257
Read port: 36257
WebDriver BiDi listening on ws://127.0.0.1:44531
1667917582675	RemoteAgent	WARN	TLS certificate errors will be ignored for this session
console.warn: SearchSettings: "get: No settings file exists, new profile?" (new NotFoundError("Could not open the file at /tmp/rust_mozprofilezcx4LR/search.json.mozlz4", (void 0)))
DevTools listening on ws://127.0.0.1:44531/devtools/browser/f36e1e16-5e4f-4fd8-9fec-991cdbdcb933
1667917591819	Marionette	INFO	Stopped listening on port 36257
console.warn: TopSitesFeed: Failed to fetch data from Contile server: NetworkError when attempting to fetch resource.
1667917620402	geckodriver	INFO	Listening on 127.0.0.1:56453
1667917620462	mozrunner::runner	INFO	Running command: "/usr/bin/firefox" "--marionette" "--remote-debugging-port" "53393" "--remote-allow-hosts" "localhost" "-no-remote" "-profile" "/tmp/rust_mozprofile0mEN6F"
ATTENTION: default value of option mesa_glthread overridden by environment.
ATTENTION: default value of option mesa_glthread overridden by environment.
ATTENTION: default value of option mesa_glthread overridden by environment.
ATTENTION: default value of option mesa_glthread overridden by environment.
1667917621137	Marionette	INFO	Marionette enabled
1667917621141	Marionette	INFO	Listening on port 40761
Read port: 40761
WebDriver BiDi listening on ws://127.0.0.1:53393
1667917621310	RemoteAgent	WARN	TLS certificate errors will be ignored for this session
console.warn: SearchSettings: "get: No settings file exists, new profile?" (new NotFoundError("Could not open the file at /tmp/rust_mozprofile0mEN6F/search.json.mozlz4", (void 0)))
DevTools listening on ws://127.0.0.1:53393/devtools/browser/867e1e8e-2dc7-4998-8e3a-033b59abdba4
1667917646255	Marionette	INFO	Stopped listening on port 40761
console.warn: TopSitesFeed: Failed to fetch data from Contile server: NetworkError when attempting to fetch resource.
1667917647447	geckodriver	INFO	Listening on 127.0.0.1:55761
1667917647485	mozrunner::runner	INFO	Running command: "/usr/bin/firefox" "--marionette" "--remote-debugging-port" "56163" "--remote-allow-hosts" "localhost" "-no-remote" "-profile" "/tmp/rust_mozprofilehTf1wG"
ATTENTION: default value of option mesa_glthread overridden by environment.
ATTENTION: default value of option mesa_glthread overridden by environment.
ATTENTION: default value of option mesa_glthread overridden by environment.
ATTENTION: default value of option mesa_glthread overridden by environment.
1667917648180	Marionette	INFO	Marionette enabled
1667917648185	Marionette	INFO	Listening on port 37511
Read port: 37511
WebDriver BiDi listening on ws://127.0.0.1:56163
1667917648331	RemoteAgent	WARN	TLS certificate errors will be ignored for this session
console.warn: SearchSettings: "get: No settings file exists, new profile?" (new NotFoundError("Could not open the file at /tmp/rust_mozprofilehTf1wG/search.json.mozlz4", (void 0)))
DevTools listening on ws://127.0.0.1:56163/devtools/browser/ce558e51-0ca5-4f5f-bb15-e2a9c4fecef7
1667917748883	Marionette	INFO	Stopped listening on port 37511
console.warn: TopSitesFeed: Failed to fetch data from Contile server: NetworkError when attempting to fetch resource.
Sandbox: Unexpected EOF, op 0 flags 00 path /proc/cpuinfo
1667917750187	geckodriver	INFO	Listening on 127.0.0.1:43295
1667917750220	mozrunner::runner	INFO	Running command: "/usr/bin/firefox" "--marionette" "--remote-debugging-port" "49479" "--remote-allow-hosts" "localhost" "-no-remote" "-profile" "/tmp/rust_mozprofileeLjUqO"
ATTENTION: default value of option mesa_glthread overridden by environment.
ATTENTION: default value of option mesa_glthread overridden by environment.
ATTENTION: default value of option mesa_glthread overridden by environment.
ATTENTION: default value of option mesa_glthread overridden by environment.
1667917750907	Marionette	INFO	Marionette enabled
1667917750911	Marionette	INFO	Listening on port 33357
Read port: 33357
WebDriver BiDi listening on ws://127.0.0.1:49479
1667917751019	RemoteAgent	WARN	TLS certificate errors will be ignored for this session
console.warn: SearchSettings: "get: No settings file exists, new profile?" (new NotFoundError("Could not open the file at /tmp/rust_mozprofileeLjUqO/search.json.mozlz4", (void 0)))
DevTools listening on ws://127.0.0.1:49479/devtools/browser/6a94386c-c562-412e-aec5-a7e84e4f12cf
1667917844681	geckodriver	INFO	Listening on 127.0.0.1:47255
1667917844731	mozrunner::runner	INFO	Running command: "/usr/bin/firefox" "--marionette" "--remote-debugging-port" "57571" "--remote-allow-hosts" "localhost" "-no-remote" "-profile" "/tmp/rust_mozprofile5juAqJ"
ATTENTION: default value of option mesa_glthread overridden by environment.
ATTENTION: default value of option mesa_glthread overridden by environment.
ATTENTION: default value of option mesa_glthread overridden by environment.
ATTENTION: default value of option mesa_glthread overridden by environment.
1667917845362	Marionette	INFO	Marionette enabled
1667917845367	Marionette	INFO	Listening on port 46461
Read port: 46461
WebDriver BiDi listening on ws://127.0.0.1:57571
1667917845519	RemoteAgent	WARN	TLS certificate errors will be ignored for this session
console.warn: SearchSettings: "get: No settings file exists, new profile?" (new NotFoundError("Could not open the file at /tmp/rust_mozprofile5juAqJ/search.json.mozlz4", (void 0)))
DevTools listening on ws://127.0.0.1:57571/devtools/browser/7ab2a2b5-369e-4409-a8f6-bb313072c509
1667917856772	Marionette	INFO	Stopped listening on port 46461
console.warn: TopSitesFeed: Failed to fetch data from Contile server: NetworkError when attempting to fetch resource.
1667917896454	geckodriver	INFO	Listening on 127.0.0.1:49765
1667917896503	mozrunner::runner	INFO	Running command: "/usr/bin/firefox" "--marionette" "--remote-debugging-port" "40157" "--remote-allow-hosts" "localhost" "-no-remote" "-profile" "/tmp/rust_mozprofileooKnd3"
ATTENTION: default value of option mesa_glthread overridden by environment.
ATTENTION: default value of option mesa_glthread overridden by environment.
ATTENTION: default value of option mesa_glthread overridden by environment.
ATTENTION: default value of option mesa_glthread overridden by environment.
1667917897111	Marionette	INFO	Marionette enabled
1667917897115	Marionette	INFO	Listening on port 33169
Read port: 33169
WebDriver BiDi listening on ws://127.0.0.1:40157
1667917897263	RemoteAgent	WARN	TLS certificate errors will be ignored for this session
console.warn: SearchSettings: "get: No settings file exists, new profile?" (new NotFoundError("Could not open the file at /tmp/rust_mozprofileooKnd3/search.json.mozlz4", (void 0)))
DevTools listening on ws://127.0.0.1:40157/devtools/browser/c2a3490d-063f-4fb5-974a-d15091e051c2
1667917954765	geckodriver	INFO	Listening on 127.0.0.1:60377
1667917954818	mozrunner::runner	INFO	Running command: "/usr/bin/firefox" "--marionette" "--remote-debugging-port" "42367" "--remote-allow-hosts" "localhost" "-no-remote" "-profile" "/tmp/rust_mozprofileZZFjef"
ATTENTION: default value of option mesa_glthread overridden by environment.
ATTENTION: default value of option mesa_glthread overridden by environment.
ATTENTION: default value of option mesa_glthread overridden by environment.
ATTENTION: default value of option mesa_glthread overridden by environment.
1667917955456	Marionette	INFO	Marionette enabled
1667917955461	Marionette	INFO	Listening on port 44613
Read port: 44613
WebDriver BiDi listening on ws://127.0.0.1:42367
1667917955615	RemoteAgent	WARN	TLS certificate errors will be ignored for this session
console.warn: SearchSettings: "get: No settings file exists, new profile?" (new NotFoundError("Could not open the file at /tmp/rust_mozprofileZZFjef/search.json.mozlz4", (void 0)))
DevTools listening on ws://127.0.0.1:42367/devtools/browser/16a82c09-65c5-4856-b351-ebf8747d5fb0
1667917957866	Marionette	INFO	Stopped listening on port 33169
console.warn: TopSitesFeed: Failed to fetch data from Contile server: NetworkError when attempting to fetch resource.
1667917958970	Marionette	INFO	Stopped listening on port 33357
console.warn: TopSitesFeed: Failed to fetch data from Contile server: NetworkError when attempting to fetch resource.
1667917959533	Marionette	INFO	Stopped listening on port 44613
console.error: services.settings: 
  main/query-stripping Signature failed  TypeError: NetworkError: Network request failed
1667918109466	geckodriver	INFO	Listening on 127.0.0.1:46875
1667918109514	mozrunner::runner	INFO	Running command: "/usr/bin/firefox" "--marionette" "--remote-debugging-port" "51335" "--remote-allow-hosts" "localhost" "-no-remote" "-profile" "/tmp/rust_mozprofileG00uSF"
ATTENTION: default value of option mesa_glthread overridden by environment.
ATTENTION: default value of option mesa_glthread overridden by environment.
ATTENTION: default value of option mesa_glthread overridden by environment.
ATTENTION: default value of option mesa_glthread overridden by environment.
1667918110135	Marionette	INFO	Marionette enabled
1667918110139	Marionette	INFO	Listening on port 39835
Read port: 39835
WebDriver BiDi listening on ws://127.0.0.1:51335
1667918110271	RemoteAgent	WARN	TLS certificate errors will be ignored for this session
console.warn: SearchSettings: "get: No settings file exists, new profile?" (new NotFoundError("Could not open the file at /tmp/rust_mozprofileG00uSF/search.json.mozlz4", (void 0)))
DevTools listening on ws://127.0.0.1:51335/devtools/browser/4ebd46f8-44e3-4886-90f6-fdc1df230681
1667918133657	geckodriver	INFO	Listening on 127.0.0.1:41909
1667918133707	mozrunner::runner	INFO	Running command: "/usr/bin/firefox" "--marionette" "--remote-debugging-port" "42065" "--remote-allow-hosts" "localhost" "-no-remote" "-profile" "/tmp/rust_mozprofiledvwHkh"
ATTENTION: default value of option mesa_glthread overridden by environment.
ATTENTION: default value of option mesa_glthread overridden by environment.
ATTENTION: default value of option mesa_glthread overridden by environment.
ATTENTION: default value of option mesa_glthread overridden by environment.
1667918134324	Marionette	INFO	Marionette enabled
1667918134329	Marionette	INFO	Listening on port 42435
Read port: 42435
WebDriver BiDi listening on ws://127.0.0.1:42065
1667918134485	RemoteAgent	WARN	TLS certificate errors will be ignored for this session
console.warn: SearchSettings: "get: No settings file exists, new profile?" (new NotFoundError("Could not open the file at /tmp/rust_mozprofiledvwHkh/search.json.mozlz4", (void 0)))
DevTools listening on ws://127.0.0.1:42065/devtools/browser/3145fec1-f94e-4bc6-8ce7-330156c785f0
1667918140039	Marionette	INFO	Stopped listening on port 42435
console.error: services.settings: 
  main/query-stripping Signature failed  TypeError: NetworkError: Network request failed
JavaScript warning: https://pagead2.googlesyndication.com/bg/HZrunHRjvTX5MIeL6Ibl7iJKqMmAAzHWmbkaKM7M3x0.js line 2 > eval line 7754 > eval line 1 > eval line 1 > eval, line 1: WEBGL_debug_renderer_info is deprecated in Firefox and will be removed. Please use RENDERER.
console.warn: LoginRecipes: "Falling back to a synchronous message for: https://apkpure.com."
console.warn: LoginRecipes: "Falling back to a synchronous message for: https://apkpure.com."
console.warn: LoginRecipes: "Falling back to a synchronous message for: https://apkpure.com."
JavaScript error: , line 0: TypeError: NetworkError when attempting to fetch resource.
JavaScript error: , line 0: TypeError: NetworkError when attempting to fetch resource.
JavaScript error: , line 0: TypeError: NetworkError when attempting to fetch resource.
JavaScript error: , line 0: TypeError: NetworkError when attempting to fetch resource.
JavaScript warning: https://pagead2.googlesyndication.com/bg/HZrunHRjvTX5MIeL6Ibl7iJKqMmAAzHWmbkaKM7M3x0.js line 2 > eval line 306 > eval line 1 > eval line 1 > eval, line 1: WEBGL_debug_renderer_info is deprecated in Firefox and will be removed. Please use RENDERER.
JavaScript error: resource://gre/modules/AsyncShutdown.jsm, line 576: NotFoundError: No such JSWindowActor 'DevToolsFrame'
JavaScript error: resource://gre/modules/AsyncShutdown.jsm, line 576: NotFoundError: No such JSWindowActor 'DevToolsFrame'
JavaScript error: resource://gre/modules/AsyncShutdown.jsm, line 576: NotFoundError: No such JSWindowActor 'DevToolsFrame'
JavaScript error: resource://gre/modules/AsyncShutdown.jsm, line 576: NotFoundError: No such JSWindowActor 'DevToolsFrame'
JavaScript error: resource://gre/modules/AsyncShutdown.jsm, line 576: NotFoundError: No such JSWindowActor 'DevToolsFrame'
JavaScript error: resource://gre/modules/AsyncShutdown.jsm, line 576: NotFoundError: No such JSWindowActor 'DevToolsFrame'
JavaScript error: resource://gre/modules/AsyncShutdown.jsm, line 576: NotFoundError: No such JSWindowActor 'DevToolsFrame'
JavaScript error: resource://gre/modules/AsyncShutdown.jsm, line 576: NotFoundError: No such JSWindowActor 'DevToolsFrame'
JavaScript error: resource://gre/modules/AsyncShutdown.jsm, line 576: NotFoundError: No such JSWindowActor 'DevToolsFrame'
JavaScript error: resource://gre/modules/AsyncShutdown.jsm, line 576: NotFoundError: No such JSWindowActor 'DevToolsFrame'
JavaScript error: resource://gre/modules/AsyncShutdown.jsm, line 576: NotFoundError: No such JSWindowActor 'DevToolsFrame'
JavaScript error: resource://gre/modules/AsyncShutdown.jsm, line 576: NotFoundError: No such JSWindowActor 'DevToolsFrame'
JavaScript error: resource://gre/modules/AsyncShutdown.jsm, line 576: NotFoundError: No such JSWindowActor 'DevToolsFrame'
JavaScript error: resource://gre/modules/AsyncShutdown.jsm, line 576: NotFoundError: No such JSWindowActor 'DevToolsFrame'
JavaScript error: resource://gre/modules/AsyncShutdown.jsm, line 576: NotFoundError: No such JSWindowActor 'DevToolsFrame'
JavaScript error: resource://gre/modules/AsyncShutdown.jsm, line 576: NotFoundError: No such JSWindowActor 'DevToolsFrame'
JavaScript error: resource://gre/modules/AsyncShutdown.jsm, line 576: NotFoundError: No such JSWindowActor 'DevToolsFrame'
1667918234121	Marionette	INFO	Stopped listening on port 39835
JavaScript error: , line 0: TypeError: NetworkError when attempting to fetch resource.
JavaScript error: , line 0: TypeError: NetworkError when attempting to fetch resource.
JavaScript error: , line 0: TypeError: NetworkError when attempting to fetch resource.
1667918236922	geckodriver	INFO	Listening on 127.0.0.1:37185
1667918236974	mozrunner::runner	INFO	Running command: "/usr/bin/firefox" "--marionette" "--remote-debugging-port" "40273" "--remote-allow-hosts" "localhost" "-no-remote" "-profile" "/tmp/rust_mozprofileGKQKI8"
ATTENTION: default value of option mesa_glthread overridden by environment.
ATTENTION: default value of option mesa_glthread overridden by environment.
ATTENTION: default value of option mesa_glthread overridden by environment.
ATTENTION: default value of option mesa_glthread overridden by environment.
1667918237584	Marionette	INFO	Marionette enabled
1667918237588	Marionette	INFO	Listening on port 32811
Read port: 32811
WebDriver BiDi listening on ws://127.0.0.1:40273
1667918237726	RemoteAgent	WARN	TLS certificate errors will be ignored for this session
console.warn: SearchSettings: "get: No settings file exists, new profile?" (new NotFoundError("Could not open the file at /tmp/rust_mozprofileGKQKI8/search.json.mozlz4", (void 0)))
DevTools listening on ws://127.0.0.1:40273/devtools/browser/7269a287-b6b8-497a-9a54-cd0ebf9b838d
JavaScript warning: https://pagead2.googlesyndication.com/bg/HZrunHRjvTX5MIeL6Ibl7iJKqMmAAzHWmbkaKM7M3x0.js line 2 > eval line 1139 > eval line 1 > eval line 1 > eval, line 1: WEBGL_debug_renderer_info is deprecated in Firefox and will be removed. Please use RENDERER.
JavaScript error: resource://devtools/server/actors/utils/sources-manager.js, line 431: TypeError: channel is null
JavaScript error: resource://devtools/server/actors/utils/sources-manager.js, line 431: TypeError: channel is null
1667919100517	geckodriver	INFO	Listening on 127.0.0.1:43361
1667919100583	mozrunner::runner	INFO	Running command: "/usr/bin/firefox" "--marionette" "--remote-debugging-port" "36559" "--remote-allow-hosts" "localhost" "-no-remote" "-profile" "/tmp/rust_mozprofilebcyVYD"
ATTENTION: default value of option mesa_glthread overridden by environment.
ATTENTION: default value of option mesa_glthread overridden by environment.
ATTENTION: default value of option mesa_glthread overridden by environment.
ATTENTION: default value of option mesa_glthread overridden by environment.
1667919101260	Marionette	INFO	Marionette enabled
1667919101264	Marionette	INFO	Listening on port 39295
Read port: 39295
WebDriver BiDi listening on ws://127.0.0.1:36559
1667919101466	RemoteAgent	WARN	TLS certificate errors will be ignored for this session
console.warn: SearchSettings: "get: No settings file exists, new profile?" (new NotFoundError("Could not open the file at /tmp/rust_mozprofilebcyVYD/search.json.mozlz4", (void 0)))
DevTools listening on ws://127.0.0.1:36559/devtools/browser/ad859a11-f887-42a8-8a65-1ace157e2a13
1667919105385	Marionette	INFO	Stopped listening on port 39295
console.error: services.settings: 
  main/query-stripping Signature failed  TypeError: NetworkError: Network request failed
JavaScript error: resource://gre/modules/AsyncShutdown.jsm, line 576: NotFoundError: No such JSWindowActor 'DevToolsFrame'
JavaScript error: resource://gre/modules/AsyncShutdown.jsm, line 576: NotFoundError: No such JSWindowActor 'DevToolsFrame'
JavaScript error: resource://gre/modules/AsyncShutdown.jsm, line 576: NotFoundError: No such JSWindowActor 'DevToolsFrame'
JavaScript error: resource://gre/modules/AsyncShutdown.jsm, line 576: NotFoundError: No such JSWindowActor 'DevToolsFrame'
JavaScript error: resource://gre/modules/AsyncShutdown.jsm, line 576: NotFoundError: No such JSWindowActor 'DevToolsFrame'
JavaScript error: resource://gre/modules/AsyncShutdown.jsm, line 576: NotFoundError: No such JSWindowActor 'DevToolsFrame'
JavaScript error: resource://gre/modules/AsyncShutdown.jsm, line 576: NotFoundError: No such JSWindowActor 'DevToolsFrame'
JavaScript error: resource://gre/modules/AsyncShutdown.jsm, line 576: NotFoundError: No such JSWindowActor 'DevToolsFrame'
JavaScript error: resource://gre/modules/AsyncShutdown.jsm, line 576: NotFoundError: No such JSWindowActor 'DevToolsFrame'
JavaScript error: resource://gre/modules/AsyncShutdown.jsm, line 576: NotFoundError: No such JSWindowActor 'DevToolsFrame'
JavaScript error: resource://gre/modules/AsyncShutdown.jsm, line 576: NotFoundError: No such JSWindowActor 'DevToolsFrame'
JavaScript error: resource://gre/modules/AsyncShutdown.jsm, line 576: NotFoundError: No such JSWindowActor 'DevToolsFrame'
JavaScript error: resource://gre/modules/AsyncShutdown.jsm, line 576: NotFoundError: No such JSWindowActor 'DevToolsFrame'
JavaScript error: resource://gre/modules/AsyncShutdown.jsm, line 576: NotFoundError: No such JSWindowActor 'DevToolsFrame'
JavaScript error: resource://gre/modules/AsyncShutdown.jsm, line 576: NotFoundError: No such JSWindowActor 'DevToolsFrame'
JavaScript error: resource://gre/modules/AsyncShutdown.jsm, line 576: NotFoundError: No such JSWindowActor 'DevToolsFrame'
JavaScript error: resource://gre/modules/AsyncShutdown.jsm, line 576: NotFoundError: No such JSWindowActor 'DevToolsFrame'
JavaScript error: resource://gre/modules/AsyncShutdown.jsm, line 576: NotFoundError: No such JSWindowActor 'DevToolsFrame'
JavaScript error: resource://gre/modules/AsyncShutdown.jsm, line 576: NotFoundError: No such JSWindowActor 'DevToolsFrame'
JavaScript error: resource://gre/modules/AsyncShutdown.jsm, line 576: NotFoundError: No such JSWindowActor 'DevToolsFrame'
JavaScript error: resource://gre/modules/AsyncShutdown.jsm, line 576: NotFoundError: No such JSWindowActor 'DevToolsFrame'
JavaScript error: resource://gre/modules/AsyncShutdown.jsm, line 576: NotFoundError: No such JSWindowActor 'DevToolsFrame'
1667919116602	Marionette	INFO	Stopped listening on port 32811
JavaScript error: , line 0: TypeError: NetworkError when attempting to fetch resource.
JavaScript error: , line 0: TypeError: NetworkError when attempting to fetch resource.
JavaScript error: , line 0: TypeError: NetworkError when attempting to fetch resource.
1667919147650	geckodriver	INFO	Listening on 127.0.0.1:52665
1667919147720	mozrunner::runner	INFO	Running command: "/usr/bin/firefox" "--marionette" "--remote-debugging-port" "36757" "--remote-allow-hosts" "localhost" "-no-remote" "-profile" "/tmp/rust_mozprofileYgTnKs"
ATTENTION: default value of option mesa_glthread overridden by environment.
ATTENTION: default value of option mesa_glthread overridden by environment.
ATTENTION: default value of option mesa_glthread overridden by environment.
ATTENTION: default value of option mesa_glthread overridden by environment.
1667919148512	Marionette	INFO	Marionette enabled
1667919148518	Marionette	INFO	Listening on port 35963
Read port: 35963
WebDriver BiDi listening on ws://127.0.0.1:36757
1667919148657	RemoteAgent	WARN	TLS certificate errors will be ignored for this session
console.warn: SearchSettings: "get: No settings file exists, new profile?" (new NotFoundError("Could not open the file at /tmp/rust_mozprofileYgTnKs/search.json.mozlz4", (void 0)))
DevTools listening on ws://127.0.0.1:36757/devtools/browser/bbfc4411-0075-4aaa-b0eb-5e828bf11e37
1667919176475	Marionette	INFO	Stopped listening on port 35963
1667919221043	geckodriver	INFO	Listening on 127.0.0.1:56241
1667919221095	mozrunner::runner	INFO	Running command: "/usr/bin/firefox" "--marionette" "--remote-debugging-port" "49843" "--remote-allow-hosts" "localhost" "-no-remote" "-profile" "/tmp/rust_mozprofileTKlQRt"
ATTENTION: default value of option mesa_glthread overridden by environment.
ATTENTION: default value of option mesa_glthread overridden by environment.
ATTENTION: default value of option mesa_glthread overridden by environment.
ATTENTION: default value of option mesa_glthread overridden by environment.
1667919221749	Marionette	INFO	Marionette enabled
1667919221753	Marionette	INFO	Listening on port 37657
Read port: 37657
WebDriver BiDi listening on ws://127.0.0.1:49843
1667919221902	RemoteAgent	WARN	TLS certificate errors will be ignored for this session
console.warn: SearchSettings: "get: No settings file exists, new profile?" (new NotFoundError("Could not open the file at /tmp/rust_mozprofileTKlQRt/search.json.mozlz4", (void 0)))
DevTools listening on ws://127.0.0.1:49843/devtools/browser/2e3cfa98-3bb8-43dc-8681-36cd58b6a23f
1667919240842	geckodriver	INFO	Listening on 127.0.0.1:46003
1667919240895	mozrunner::runner	INFO	Running command: "/usr/bin/firefox" "--marionette" "--remote-debugging-port" "43285" "--remote-allow-hosts" "localhost" "-no-remote" "-profile" "/tmp/rust_mozprofileTUi4xS"
ATTENTION: default value of option mesa_glthread overridden by environment.
ATTENTION: default value of option mesa_glthread overridden by environment.
ATTENTION: default value of option mesa_glthread overridden by environment.
ATTENTION: default value of option mesa_glthread overridden by environment.
1667919241580	Marionette	INFO	Marionette enabled
1667919241586	Marionette	INFO	Listening on port 35667
Read port: 35667
WebDriver BiDi listening on ws://127.0.0.1:43285
1667919241700	RemoteAgent	WARN	TLS certificate errors will be ignored for this session
console.warn: SearchSettings: "get: No settings file exists, new profile?" (new NotFoundError("Could not open the file at /tmp/rust_mozprofileTUi4xS/search.json.mozlz4", (void 0)))
DevTools listening on ws://127.0.0.1:43285/devtools/browser/071a45cc-8877-43dd-94c4-30c8f7412348
1667919261058	Marionette	INFO	Stopped listening on port 35667
console.error: services.settings: 
  main/query-stripping Signature failed  TypeError: NetworkError: Network request failed
JavaScript warning: https://pagead2.googlesyndication.com/bg/HZrunHRjvTX5MIeL6Ibl7iJKqMmAAzHWmbkaKM7M3x0.js line 2 > eval line 6596 > eval line 1 > eval line 1 > eval, line 1: WEBGL_debug_renderer_info is deprecated in Firefox and will be removed. Please use RENDERER.
1667919307484	geckodriver	INFO	Listening on 127.0.0.1:34061
1667919307535	mozrunner::runner	INFO	Running command: "/usr/bin/firefox" "--marionette" "--remote-debugging-port" "49107" "--remote-allow-hosts" "localhost" "-no-remote" "-profile" "/tmp/rust_mozprofileGI8byH"
ATTENTION: default value of option mesa_glthread overridden by environment.
ATTENTION: default value of option mesa_glthread overridden by environment.
ATTENTION: default value of option mesa_glthread overridden by environment.
ATTENTION: default value of option mesa_glthread overridden by environment.
1667919308156	Marionette	INFO	Marionette enabled
1667919308160	Marionette	INFO	Listening on port 35545
Read port: 35545
WebDriver BiDi listening on ws://127.0.0.1:49107
1667919308294	RemoteAgent	WARN	TLS certificate errors will be ignored for this session
console.warn: SearchSettings: "get: No settings file exists, new profile?" (new NotFoundError("Could not open the file at /tmp/rust_mozprofileGI8byH/search.json.mozlz4", (void 0)))
DevTools listening on ws://127.0.0.1:49107/devtools/browser/7ca9a86f-1e10-45ba-9383-bd1422718684
JavaScript error: resource://gre/modules/AsyncShutdown.jsm, line 576: NotFoundError: No such JSWindowActor 'DevToolsFrame'
JavaScript error: resource://gre/modules/AsyncShutdown.jsm, line 576: NotFoundError: No such JSWindowActor 'DevToolsFrame'
JavaScript error: resource://gre/modules/AsyncShutdown.jsm, line 576: NotFoundError: No such JSWindowActor 'DevToolsFrame'
JavaScript error: resource://gre/modules/AsyncShutdown.jsm, line 576: NotFoundError: No such JSWindowActor 'DevToolsFrame'
JavaScript error: resource://gre/modules/AsyncShutdown.jsm, line 576: NotFoundError: No such JSWindowActor 'DevToolsFrame'
JavaScript error: resource://gre/modules/AsyncShutdown.jsm, line 576: NotFoundError: No such JSWindowActor 'DevToolsFrame'
JavaScript error: resource://gre/modules/AsyncShutdown.jsm, line 576: NotFoundError: No such JSWindowActor 'DevToolsFrame'
JavaScript error: resource://gre/modules/AsyncShutdown.jsm, line 576: NotFoundError: No such JSWindowActor 'DevToolsFrame'
JavaScript error: resource://gre/modules/AsyncShutdown.jsm, line 576: NotFoundError: No such JSWindowActor 'DevToolsFrame'
JavaScript error: resource://gre/modules/AsyncShutdown.jsm, line 576: NotFoundError: No such JSWindowActor 'DevToolsFrame'
JavaScript error: resource://gre/modules/AsyncShutdown.jsm, line 576: NotFoundError: No such JSWindowActor 'DevToolsFrame'
JavaScript error: resource://gre/modules/AsyncShutdown.jsm, line 576: NotFoundError: No such JSWindowActor 'DevToolsFrame'
JavaScript error: resource://gre/modules/AsyncShutdown.jsm, line 576: NotFoundError: No such JSWindowActor 'DevToolsFrame'
JavaScript error: resource://gre/modules/AsyncShutdown.jsm, line 576: NotFoundError: No such JSWindowActor 'DevToolsFrame'
JavaScript error: resource://gre/modules/AsyncShutdown.jsm, line 576: NotFoundError: No such JSWindowActor 'DevToolsFrame'
JavaScript error: resource://gre/modules/AsyncShutdown.jsm, line 576: NotFoundError: No such JSWindowActor 'DevToolsFrame'
JavaScript error: resource://gre/modules/AsyncShutdown.jsm, line 576: NotFoundError: No such JSWindowActor 'DevToolsFrame'
JavaScript error: resource://gre/modules/AsyncShutdown.jsm, line 576: NotFoundError: No such JSWindowActor 'DevToolsFrame'
JavaScript error: resource://gre/modules/AsyncShutdown.jsm, line 576: NotFoundError: No such JSWindowActor 'DevToolsFrame'
JavaScript error: resource://gre/modules/AsyncShutdown.jsm, line 576: NotFoundError: No such JSWindowActor 'DevToolsFrame'
JavaScript error: resource://gre/modules/AsyncShutdown.jsm, line 576: NotFoundError: No such JSWindowActor 'DevToolsFrame'
JavaScript error: resource://gre/modules/AsyncShutdown.jsm, line 576: NotFoundError: No such JSWindowActor 'DevToolsFrame'
1667919312494	Marionette	INFO	Stopped listening on port 37657
JavaScript error: , line 0: TypeError: NetworkError when attempting to fetch resource.
JavaScript error: , line 0: TypeError: NetworkError when attempting to fetch resource.
JavaScript error: , line 0: TypeError: NetworkError when attempting to fetch resource.
JavaScript warning: https://pagead2.googlesyndication.com/bg/HZrunHRjvTX5MIeL6Ibl7iJKqMmAAzHWmbkaKM7M3x0.js line 2 > eval line 1316 > eval line 1 > eval line 1 > eval, line 1: WEBGL_debug_renderer_info is deprecated in Firefox and will be removed. Please use RENDERER.
1667919397485	geckodriver	INFO	Listening on 127.0.0.1:36471
1667919397534	mozrunner::runner	INFO	Running command: "/usr/bin/firefox" "--marionette" "--remote-debugging-port" "38579" "--remote-allow-hosts" "localhost" "-no-remote" "-profile" "/tmp/rust_mozprofile7BUBLT"
ATTENTION: default value of option mesa_glthread overridden by environment.
ATTENTION: default value of option mesa_glthread overridden by environment.
ATTENTION: default value of option mesa_glthread overridden by environment.
ATTENTION: default value of option mesa_glthread overridden by environment.
1667919398174	Marionette	INFO	Marionette enabled
1667919398178	Marionette	INFO	Listening on port 41877
Read port: 41877
WebDriver BiDi listening on ws://127.0.0.1:38579
1667919398307	RemoteAgent	WARN	TLS certificate errors will be ignored for this session
console.warn: SearchSettings: "get: No settings file exists, new profile?" (new NotFoundError("Could not open the file at /tmp/rust_mozprofile7BUBLT/search.json.mozlz4", (void 0)))
DevTools listening on ws://127.0.0.1:38579/devtools/browser/d902a63e-2c9f-44ad-a10f-1d04afd65185
1667919403682	Marionette	INFO	Stopped listening on port 35545
JavaScript error: , line 0: TypeError: NetworkError when attempting to fetch resource.
JavaScript error: , line 0: TypeError: NetworkError when attempting to fetch resource.
JavaScript error: , line 0: TypeError: NetworkError when attempting to fetch resource.
console.warn: TopSitesFeed: Failed to fetch data from Contile server: NetworkError when attempting to fetch resource.
1667919413063	Marionette	INFO	Stopped listening on port 41877
console.error: services.settings: 
  main/query-stripping Signature failed  TypeError: NetworkError: Network request failed
1667920531857	geckodriver	INFO	Listening on 127.0.0.1:49063
1667920531907	mozrunner::runner	INFO	Running command: "/usr/bin/firefox" "--marionette" "--remote-debugging-port" "47591" "--remote-allow-hosts" "localhost" "-no-remote" "-profile" "/tmp/rust_mozprofile0Qano7"
ATTENTION: default value of option mesa_glthread overridden by environment.
ATTENTION: default value of option mesa_glthread overridden by environment.
ATTENTION: default value of option mesa_glthread overridden by environment.
ATTENTION: default value of option mesa_glthread overridden by environment.
1667920532520	Marionette	INFO	Marionette enabled
1667920532524	Marionette	INFO	Listening on port 35809
Read port: 35809
WebDriver BiDi listening on ws://127.0.0.1:47591
1667920532662	RemoteAgent	WARN	TLS certificate errors will be ignored for this session
console.warn: SearchSettings: "get: No settings file exists, new profile?" (new NotFoundError("Could not open the file at /tmp/rust_mozprofile0Qano7/search.json.mozlz4", (void 0)))
DevTools listening on ws://127.0.0.1:47591/devtools/browser/d6cffa3e-9978-43fb-a484-52d1138aa9c6
JavaScript warning: https://pagead2.googlesyndication.com/bg/HZrunHRjvTX5MIeL6Ibl7iJKqMmAAzHWmbkaKM7M3x0.js line 2 > eval line 4216 > eval line 1 > eval line 1 > eval, line 1: WEBGL_debug_renderer_info is deprecated in Firefox and will be removed. Please use RENDERER.
1667920763448	Marionette	INFO	Stopped listening on port 35809
JavaScript error: , line 0: TypeError: NetworkError when attempting to fetch resource.
JavaScript error: , line 0: TypeError: NetworkError when attempting to fetch resource.
JavaScript error: , line 0: TypeError: NetworkError when attempting to fetch resource.
1667920774072	geckodriver	INFO	Listening on 127.0.0.1:37753
1667920774123	mozrunner::runner	INFO	Running command: "/usr/bin/firefox" "--marionette" "--remote-debugging-port" "50089" "--remote-allow-hosts" "localhost" "-no-remote" "-profile" "/tmp/rust_mozprofileMxJtSO"
ATTENTION: default value of option mesa_glthread overridden by environment.
ATTENTION: default value of option mesa_glthread overridden by environment.
ATTENTION: default value of option mesa_glthread overridden by environment.
ATTENTION: default value of option mesa_glthread overridden by environment.
1667920774789	Marionette	INFO	Marionette enabled
1667920774795	Marionette	INFO	Listening on port 40221
Read port: 40221
WebDriver BiDi listening on ws://127.0.0.1:50089
1667920774990	RemoteAgent	WARN	TLS certificate errors will be ignored for this session
console.warn: SearchSettings: "get: No settings file exists, new profile?" (new NotFoundError("Could not open the file at /tmp/rust_mozprofileMxJtSO/search.json.mozlz4", (void 0)))
DevTools listening on ws://127.0.0.1:50089/devtools/browser/bc5e75a7-137f-4118-8539-23b31d0338f5
1667920863799	geckodriver	INFO	Listening on 127.0.0.1:53215
1667920863850	mozrunner::runner	INFO	Running command: "/usr/bin/firefox" "--marionette" "--remote-debugging-port" "48675" "--remote-allow-hosts" "localhost" "-no-remote" "-profile" "/tmp/rust_mozprofile1cgHUY"
ATTENTION: default value of option mesa_glthread overridden by environment.
ATTENTION: default value of option mesa_glthread overridden by environment.
ATTENTION: default value of option mesa_glthread overridden by environment.
ATTENTION: default value of option mesa_glthread overridden by environment.
1667920864504	Marionette	INFO	Marionette enabled
1667920864510	Marionette	INFO	Listening on port 46803
Read port: 46803
WebDriver BiDi listening on ws://127.0.0.1:48675
1667920864651	RemoteAgent	WARN	TLS certificate errors will be ignored for this session
console.warn: SearchSettings: "get: No settings file exists, new profile?" (new NotFoundError("Could not open the file at /tmp/rust_mozprofile1cgHUY/search.json.mozlz4", (void 0)))
DevTools listening on ws://127.0.0.1:48675/devtools/browser/75ae519b-b68a-4621-b878-722320ca19c6
1667920866908	Marionette	INFO	Stopped listening on port 40221
console.warn: TopSitesFeed: Failed to fetch data from Contile server: NetworkError when attempting to fetch resource.
1667920911428	geckodriver	INFO	Listening on 127.0.0.1:43477
1667920911484	mozrunner::runner	INFO	Running command: "/usr/bin/firefox" "--marionette" "--remote-debugging-port" "42655" "--remote-allow-hosts" "localhost" "-no-remote" "-profile" "/tmp/rust_mozprofilefd9MiF"
ATTENTION: default value of option mesa_glthread overridden by environment.
ATTENTION: default value of option mesa_glthread overridden by environment.
ATTENTION: default value of option mesa_glthread overridden by environment.
ATTENTION: default value of option mesa_glthread overridden by environment.
1667920912208	Marionette	INFO	Marionette enabled
1667920912213	Marionette	INFO	Listening on port 46403
Read port: 46403
WebDriver BiDi listening on ws://127.0.0.1:42655
1667920912351	RemoteAgent	WARN	TLS certificate errors will be ignored for this session
console.warn: SearchSettings: "get: No settings file exists, new profile?" (new NotFoundError("Could not open the file at /tmp/rust_mozprofilefd9MiF/search.json.mozlz4", (void 0)))
DevTools listening on ws://127.0.0.1:42655/devtools/browser/235a7d86-2641-40f9-9cbb-ed824ed76b5d
1667920928095	Marionette	INFO	Stopped listening on port 46403
console.error: services.settings: 
  main/query-stripping Signature failed  TypeError: NetworkError: Network request failed
1667920989927	geckodriver	INFO	Listening on 127.0.0.1:55009
1667920989979	mozrunner::runner	INFO	Running command: "/usr/bin/firefox" "--marionette" "--remote-debugging-port" "35329" "--remote-allow-hosts" "localhost" "-no-remote" "-profile" "/tmp/rust_mozprofileqPlkMs"
ATTENTION: default value of option mesa_glthread overridden by environment.
ATTENTION: default value of option mesa_glthread overridden by environment.
ATTENTION: default value of option mesa_glthread overridden by environment.
ATTENTION: default value of option mesa_glthread overridden by environment.
1667920990656	Marionette	INFO	Marionette enabled
1667920990661	Marionette	INFO	Listening on port 36043
Read port: 36043
WebDriver BiDi listening on ws://127.0.0.1:35329
1667920990840	RemoteAgent	WARN	TLS certificate errors will be ignored for this session
console.warn: SearchSettings: "get: No settings file exists, new profile?" (new NotFoundError("Could not open the file at /tmp/rust_mozprofileqPlkMs/search.json.mozlz4", (void 0)))
DevTools listening on ws://127.0.0.1:35329/devtools/browser/ebbf9efc-683b-4e40-b4c6-cf0f10371571
1667921003294	Marionette	INFO	Stopped listening on port 36043
console.error: services.settings: 
  main/query-stripping Signature failed  TypeError: NetworkError: Network request failed
1667921032519	Marionette	INFO	Stopped listening on port 46803
console.warn: TopSitesFeed: Failed to fetch data from Contile server: NetworkError when attempting to fetch resource.
Sandbox: Unexpected EOF, op 0 flags 00 path /proc/cpuinfo
1667921038159	geckodriver	INFO	Listening on 127.0.0.1:37813
1667921038212	mozrunner::runner	INFO	Running command: "/usr/bin/firefox" "--marionette" "--remote-debugging-port" "40875" "--remote-allow-hosts" "localhost" "-no-remote" "-profile" "/tmp/rust_mozprofileDK7cPz"
ATTENTION: default value of option mesa_glthread overridden by environment.
ATTENTION: default value of option mesa_glthread overridden by environment.
ATTENTION: default value of option mesa_glthread overridden by environment.
ATTENTION: default value of option mesa_glthread overridden by environment.
1667921038868	Marionette	INFO	Marionette enabled
1667921038872	Marionette	INFO	Listening on port 42953
Read port: 42953
WebDriver BiDi listening on ws://127.0.0.1:40875
1667921039022	RemoteAgent	WARN	TLS certificate errors will be ignored for this session
console.warn: SearchSettings: "get: No settings file exists, new profile?" (new NotFoundError("Could not open the file at /tmp/rust_mozprofileDK7cPz/search.json.mozlz4", (void 0)))
DevTools listening on ws://127.0.0.1:40875/devtools/browser/b909f41f-3b36-4ea6-9671-a7fbe488e70e
1667921051691	Marionette	INFO	Stopped listening on port 42953
console.error: services.settings: 
  main/query-stripping Signature failed  TypeError: NetworkError: Network request failed
1667921131902	geckodriver	INFO	Listening on 127.0.0.1:37551
1667921131955	mozrunner::runner	INFO	Running command: "/usr/bin/firefox" "--marionette" "--remote-debugging-port" "53037" "--remote-allow-hosts" "localhost" "-no-remote" "-profile" "/tmp/rust_mozprofileJ1vT78"
ATTENTION: default value of option mesa_glthread overridden by environment.
ATTENTION: default value of option mesa_glthread overridden by environment.
ATTENTION: default value of option mesa_glthread overridden by environment.
ATTENTION: default value of option mesa_glthread overridden by environment.
1667921132617	Marionette	INFO	Marionette enabled
1667921132621	Marionette	INFO	Listening on port 34109
Read port: 34109
WebDriver BiDi listening on ws://127.0.0.1:53037
1667921132768	RemoteAgent	WARN	TLS certificate errors will be ignored for this session
console.warn: SearchSettings: "get: No settings file exists, new profile?" (new NotFoundError("Could not open the file at /tmp/rust_mozprofileJ1vT78/search.json.mozlz4", (void 0)))
DevTools listening on ws://127.0.0.1:53037/devtools/browser/d5ff8cef-fdd8-4b6b-b671-90300a7d6a61
1667921140235	Marionette	INFO	Stopped listening on port 34109
console.error: services.settings: 
  main/query-stripping Signature failed  TypeError: NetworkError: Network request failed
1667921164282	geckodriver	INFO	Listening on 127.0.0.1:58677
1667921164335	mozrunner::runner	INFO	Running command: "/usr/bin/firefox" "--marionette" "--remote-debugging-port" "32855" "--remote-allow-hosts" "localhost" "-no-remote" "-profile" "/tmp/rust_mozprofile2eEVa8"
ATTENTION: default value of option mesa_glthread overridden by environment.
ATTENTION: default value of option mesa_glthread overridden by environment.
ATTENTION: default value of option mesa_glthread overridden by environment.
ATTENTION: default value of option mesa_glthread overridden by environment.
1667921165090	Marionette	INFO	Marionette enabled
1667921165097	Marionette	INFO	Listening on port 35879
Read port: 35879
WebDriver BiDi listening on ws://127.0.0.1:32855
1667921165281	RemoteAgent	WARN	TLS certificate errors will be ignored for this session
console.warn: SearchSettings: "get: No settings file exists, new profile?" (new NotFoundError("Could not open the file at /tmp/rust_mozprofile2eEVa8/search.json.mozlz4", (void 0)))
DevTools listening on ws://127.0.0.1:32855/devtools/browser/1d8d9c9d-ae10-46a8-ae39-939193ae9096
1667921178416	Marionette	INFO	Stopped listening on port 35879
console.error: services.settings: 
  main/query-stripping Signature failed  TypeError: NetworkError: Network request failed
JavaScript error: resource://gre/modules/AsyncShutdown.jsm, line 719: Error: Phase "Sqlite.jsm: wait until all connections are closed" is finished, it is too late to register completion condition "protections.sqlite#0: waiting for shutdown"
1667921252037	geckodriver	INFO	Listening on 127.0.0.1:52369
1667921252072	mozrunner::runner	INFO	Running command: "/usr/bin/firefox" "--marionette" "--remote-debugging-port" "55855" "--remote-allow-hosts" "localhost" "-no-remote" "-profile" "/tmp/rust_mozprofilej0sfUC"
ATTENTION: default value of option mesa_glthread overridden by environment.
ATTENTION: default value of option mesa_glthread overridden by environment.
ATTENTION: default value of option mesa_glthread overridden by environment.
ATTENTION: default value of option mesa_glthread overridden by environment.
1667921252711	Marionette	INFO	Marionette enabled
1667921252715	Marionette	INFO	Listening on port 41359
Read port: 41359
WebDriver BiDi listening on ws://127.0.0.1:55855
1667921252886	RemoteAgent	WARN	TLS certificate errors will be ignored for this session
console.warn: SearchSettings: "get: No settings file exists, new profile?" (new NotFoundError("Could not open the file at /tmp/rust_mozprofilej0sfUC/search.json.mozlz4", (void 0)))
DevTools listening on ws://127.0.0.1:55855/devtools/browser/e1675160-9fef-4c77-a835-3c2d789aff6a
1667921264288	Marionette	INFO	Stopped listening on port 41359
1667921285248	geckodriver	INFO	Listening on 127.0.0.1:55145
1667921285299	mozrunner::runner	INFO	Running command: "/usr/bin/firefox" "--marionette" "--remote-debugging-port" "58883" "--remote-allow-hosts" "localhost" "-no-remote" "-profile" "/tmp/rust_mozprofileEQ8Fij"
ATTENTION: default value of option mesa_glthread overridden by environment.
ATTENTION: default value of option mesa_glthread overridden by environment.
ATTENTION: default value of option mesa_glthread overridden by environment.
ATTENTION: default value of option mesa_glthread overridden by environment.
1667921285949	Marionette	INFO	Marionette enabled
1667921285955	Marionette	INFO	Listening on port 43205
Read port: 43205
WebDriver BiDi listening on ws://127.0.0.1:58883
1667921286145	RemoteAgent	WARN	TLS certificate errors will be ignored for this session
console.warn: SearchSettings: "get: No settings file exists, new profile?" (new NotFoundError("Could not open the file at /tmp/rust_mozprofileEQ8Fij/search.json.mozlz4", (void 0)))
DevTools listening on ws://127.0.0.1:58883/devtools/browser/2b39e4fc-c883-4fb2-941e-d47d867c4c4f
1667921298727	Marionette	INFO	Stopped listening on port 43205
console.error: services.settings: 
  main/query-stripping Signature failed  TypeError: NetworkError: Network request failed
1667921441438	geckodriver	INFO	Listening on 127.0.0.1:54033
1667921441490	mozrunner::runner	INFO	Running command: "/usr/bin/firefox" "--marionette" "--remote-debugging-port" "56195" "--remote-allow-hosts" "localhost" "-no-remote" "-profile" "/tmp/rust_mozprofileH5aVaQ"
ATTENTION: default value of option mesa_glthread overridden by environment.
ATTENTION: default value of option mesa_glthread overridden by environment.
ATTENTION: default value of option mesa_glthread overridden by environment.
ATTENTION: default value of option mesa_glthread overridden by environment.
1667921442120	Marionette	INFO	Marionette enabled
1667921442124	Marionette	INFO	Listening on port 36759
Read port: 36759
WebDriver BiDi listening on ws://127.0.0.1:56195
1667921442253	RemoteAgent	WARN	TLS certificate errors will be ignored for this session
console.warn: SearchSettings: "get: No settings file exists, new profile?" (new NotFoundError("Could not open the file at /tmp/rust_mozprofileH5aVaQ/search.json.mozlz4", (void 0)))
DevTools listening on ws://127.0.0.1:56195/devtools/browser/2193ac70-92bf-4912-911e-a93347b14938
1667921453200	Marionette	INFO	Stopped listening on port 36759
console.error: services.settings: 
  main/query-stripping Signature failed  TypeError: NetworkError: Network request failed
1667921712248	geckodriver	INFO	Listening on 127.0.0.1:52359
1667921712299	mozrunner::runner	INFO	Running command: "/usr/bin/firefox" "--marionette" "--remote-debugging-port" "40327" "--remote-allow-hosts" "localhost" "-no-remote" "-profile" "/tmp/rust_mozprofile9vHHIt"
ATTENTION: default value of option mesa_glthread overridden by environment.
ATTENTION: default value of option mesa_glthread overridden by environment.
ATTENTION: default value of option mesa_glthread overridden by environment.
ATTENTION: default value of option mesa_glthread overridden by environment.
1667921712915	Marionette	INFO	Marionette enabled
1667921712919	Marionette	INFO	Listening on port 43215
Read port: 43215
WebDriver BiDi listening on ws://127.0.0.1:40327
1667921713050	RemoteAgent	WARN	TLS certificate errors will be ignored for this session
console.warn: SearchSettings: "get: No settings file exists, new profile?" (new NotFoundError("Could not open the file at /tmp/rust_mozprofile9vHHIt/search.json.mozlz4", (void 0)))
DevTools listening on ws://127.0.0.1:40327/devtools/browser/2d132224-9476-4c87-a029-2bca8a73de9a
1667921729967	Marionette	INFO	Stopped listening on port 43215
1667921779222	geckodriver	INFO	Listening on 127.0.0.1:39387
1667921779274	mozrunner::runner	INFO	Running command: "/usr/bin/firefox" "--marionette" "--remote-debugging-port" "40741" "--remote-allow-hosts" "localhost" "-no-remote" "-profile" "/tmp/rust_mozprofileVukErI"
ATTENTION: default value of option mesa_glthread overridden by environment.
ATTENTION: default value of option mesa_glthread overridden by environment.
ATTENTION: default value of option mesa_glthread overridden by environment.
ATTENTION: default value of option mesa_glthread overridden by environment.
1667921779920	Marionette	INFO	Marionette enabled
1667921779924	Marionette	INFO	Listening on port 43743
Read port: 43743
WebDriver BiDi listening on ws://127.0.0.1:40741
1667921780083	RemoteAgent	WARN	TLS certificate errors will be ignored for this session
console.warn: SearchSettings: "get: No settings file exists, new profile?" (new NotFoundError("Could not open the file at /tmp/rust_mozprofileVukErI/search.json.mozlz4", (void 0)))
DevTools listening on ws://127.0.0.1:40741/devtools/browser/07e19823-e013-48af-9d36-209835f2fc05
1667921793868	Marionette	INFO	Stopped listening on port 43743
console.error: services.settings: 
  main/query-stripping Signature failed  TypeError: NetworkError: Network request failed
1667921866077	geckodriver	INFO	Listening on 127.0.0.1:44643
1667921866127	mozrunner::runner	INFO	Running command: "/usr/bin/firefox" "--marionette" "--remote-debugging-port" "40733" "--remote-allow-hosts" "localhost" "-no-remote" "-profile" "/tmp/rust_mozprofileWPkTgH"
ATTENTION: default value of option mesa_glthread overridden by environment.
ATTENTION: default value of option mesa_glthread overridden by environment.
ATTENTION: default value of option mesa_glthread overridden by environment.
ATTENTION: default value of option mesa_glthread overridden by environment.
1667921866818	Marionette	INFO	Marionette enabled
1667921866824	Marionette	INFO	Listening on port 46669
Read port: 46669
WebDriver BiDi listening on ws://127.0.0.1:40733
1667921867047	RemoteAgent	WARN	TLS certificate errors will be ignored for this session
console.warn: SearchSettings: "get: No settings file exists, new profile?" (new NotFoundError("Could not open the file at /tmp/rust_mozprofileWPkTgH/search.json.mozlz4", (void 0)))
DevTools listening on ws://127.0.0.1:40733/devtools/browser/ae398776-5ccb-48d0-9077-6c5135120435
1667921882524	Marionette	INFO	Stopped listening on port 46669
console.error: services.settings: 
  main/query-stripping Signature failed  TypeError: NetworkError: Network request failed
1667922256356	geckodriver	INFO	Listening on 127.0.0.1:45473
1667922256412	mozrunner::runner	INFO	Running command: "/usr/bin/firefox" "--marionette" "--remote-debugging-port" "56167" "--remote-allow-hosts" "localhost" "-no-remote" "-profile" "/tmp/rust_mozprofile4LzsQl"
ATTENTION: default value of option mesa_glthread overridden by environment.
ATTENTION: default value of option mesa_glthread overridden by environment.
ATTENTION: default value of option mesa_glthread overridden by environment.
ATTENTION: default value of option mesa_glthread overridden by environment.
1667922257052	Marionette	INFO	Marionette enabled
1667922257060	Marionette	INFO	Listening on port 35939
Read port: 35939
WebDriver BiDi listening on ws://127.0.0.1:56167
1667922257306	RemoteAgent	WARN	TLS certificate errors will be ignored for this session
console.warn: SearchSettings: "get: No settings file exists, new profile?" (new NotFoundError("Could not open the file at /tmp/rust_mozprofile4LzsQl/search.json.mozlz4", (void 0)))
DevTools listening on ws://127.0.0.1:56167/devtools/browser/910e0f61-b499-4ac7-9813-e8af40a3abca
1667922272535	Marionette	INFO	Stopped listening on port 35939
JavaScript error: resource://gre/modules/AsyncShutdown.jsm, line 719: Error: Phase "Sqlite.jsm: wait until all connections are closed" is finished, it is too late to register completion condition "protections.sqlite#0: waiting for shutdown"
1667922591369	geckodriver	INFO	Listening on 127.0.0.1:58677
1667922591418	mozrunner::runner	INFO	Running command: "/usr/bin/firefox" "--marionette" "--remote-debugging-port" "49527" "--remote-allow-hosts" "localhost" "-no-remote" "-profile" "/tmp/rust_mozprofilestFQAN"
ATTENTION: default value of option mesa_glthread overridden by environment.
ATTENTION: default value of option mesa_glthread overridden by environment.
ATTENTION: default value of option mesa_glthread overridden by environment.
ATTENTION: default value of option mesa_glthread overridden by environment.
1667922592039	Marionette	INFO	Marionette enabled
1667922592044	Marionette	INFO	Listening on port 38777
Read port: 38777
WebDriver BiDi listening on ws://127.0.0.1:49527
1667922592169	RemoteAgent	WARN	TLS certificate errors will be ignored for this session
console.warn: SearchSettings: "get: No settings file exists, new profile?" (new NotFoundError("Could not open the file at /tmp/rust_mozprofilestFQAN/search.json.mozlz4", (void 0)))
DevTools listening on ws://127.0.0.1:49527/devtools/browser/2f700f01-5086-4772-8339-dd89a38dc9c3
1667922605006	Marionette	INFO	Stopped listening on port 38777
console.error: services.settings: 
  main/query-stripping Signature failed  TypeError: NetworkError: Network request failed
1667923454382	geckodriver	INFO	Listening on 127.0.0.1:48979
1667923454438	mozrunner::runner	INFO	Running command: "/usr/bin/firefox" "--marionette" "--remote-debugging-port" "46293" "--remote-allow-hosts" "localhost" "-no-remote" "-profile" "/tmp/rust_mozprofile3UmCRa"
ATTENTION: default value of option mesa_glthread overridden by environment.
ATTENTION: default value of option mesa_glthread overridden by environment.
ATTENTION: default value of option mesa_glthread overridden by environment.
ATTENTION: default value of option mesa_glthread overridden by environment.
1667923455114	Marionette	INFO	Marionette enabled
1667923455118	Marionette	INFO	Listening on port 32851
Read port: 32851
WebDriver BiDi listening on ws://127.0.0.1:46293
1667923455230	RemoteAgent	WARN	TLS certificate errors will be ignored for this session
console.warn: SearchSettings: "get: No settings file exists, new profile?" (new NotFoundError("Could not open the file at /tmp/rust_mozprofile3UmCRa/search.json.mozlz4", (void 0)))
DevTools listening on ws://127.0.0.1:46293/devtools/browser/52ad1e2d-c01b-48fa-8c8a-1b9028862615
1667923469276	Marionette	INFO	Stopped listening on port 32851
console.error: services.settings: 
  main/query-stripping Signature failed  TypeError: NetworkError: Network request failed
1667923784390	geckodriver	INFO	Listening on 127.0.0.1:45821
1667923784446	mozrunner::runner	INFO	Running command: "/usr/bin/firefox" "--marionette" "--remote-debugging-port" "53177" "--remote-allow-hosts" "localhost" "-no-remote" "-profile" "/tmp/rust_mozprofileiyui6K"
ATTENTION: default value of option mesa_glthread overridden by environment.
ATTENTION: default value of option mesa_glthread overridden by environment.
ATTENTION: default value of option mesa_glthread overridden by environment.
ATTENTION: default value of option mesa_glthread overridden by environment.
1667923785091	Marionette	INFO	Marionette enabled
1667923785095	Marionette	INFO	Listening on port 33691
Read port: 33691
WebDriver BiDi listening on ws://127.0.0.1:53177
1667923785248	RemoteAgent	WARN	TLS certificate errors will be ignored for this session
console.warn: SearchSettings: "get: No settings file exists, new profile?" (new NotFoundError("Could not open the file at /tmp/rust_mozprofileiyui6K/search.json.mozlz4", (void 0)))
DevTools listening on ws://127.0.0.1:53177/devtools/browser/d9db762a-e3cb-4a66-8345-7cc8362f753c
1667923799542	Marionette	INFO	Stopped listening on port 33691
console.error: services.settings: 
  main/query-stripping Signature failed  TypeError: NetworkError: Network request failed
1667925586361	geckodriver	INFO	Listening on 127.0.0.1:58615
1667925586400	mozrunner::runner	INFO	Running command: "/usr/bin/firefox" "--marionette" "--remote-debugging-port" "47069" "--remote-allow-hosts" "localhost" "-no-remote" "-profile" "/tmp/rust_mozprofilea5MxXo"
ATTENTION: default value of option mesa_glthread overridden by environment.
ATTENTION: default value of option mesa_glthread overridden by environment.
ATTENTION: default value of option mesa_glthread overridden by environment.
ATTENTION: default value of option mesa_glthread overridden by environment.
1667925587021	Marionette	INFO	Marionette enabled
1667925587025	Marionette	INFO	Listening on port 39863
Read port: 39863
WebDriver BiDi listening on ws://127.0.0.1:47069
1667925587163	RemoteAgent	WARN	TLS certificate errors will be ignored for this session
console.warn: SearchSettings: "get: No settings file exists, new profile?" (new NotFoundError("Could not open the file at /tmp/rust_mozprofilea5MxXo/search.json.mozlz4", (void 0)))
DevTools listening on ws://127.0.0.1:47069/devtools/browser/5b2d41af-1fa3-401d-a417-eac51d737b9a
1667925596961	Marionette	INFO	Stopped listening on port 39863
console.warn: TopSitesFeed: Failed to fetch data from Contile server: NetworkError when attempting to fetch resource.
1667925634285	geckodriver	INFO	Listening on 127.0.0.1:56265
1667925634339	mozrunner::runner	INFO	Running command: "/usr/bin/firefox" "--marionette" "--remote-debugging-port" "50467" "--remote-allow-hosts" "localhost" "-no-remote" "-profile" "/tmp/rust_mozprofileif0GgT"
ATTENTION: default value of option mesa_glthread overridden by environment.
ATTENTION: default value of option mesa_glthread overridden by environment.
ATTENTION: default value of option mesa_glthread overridden by environment.
ATTENTION: default value of option mesa_glthread overridden by environment.
1667925635006	Marionette	INFO	Marionette enabled
1667925635010	Marionette	INFO	Listening on port 39503
Read port: 39503
WebDriver BiDi listening on ws://127.0.0.1:50467
1667925635158	RemoteAgent	WARN	TLS certificate errors will be ignored for this session
console.warn: SearchSettings: "get: No settings file exists, new profile?" (new NotFoundError("Could not open the file at /tmp/rust_mozprofileif0GgT/search.json.mozlz4", (void 0)))
DevTools listening on ws://127.0.0.1:50467/devtools/browser/e7fcf601-3b73-4f05-b708-6075f7ac5da3
1667925650127	Marionette	INFO	Stopped listening on port 39503
console.error: services.settings: 
  main/query-stripping Signature failed  TypeError: NetworkError: Network request failed
1667925930146	geckodriver	INFO	Listening on 127.0.0.1:43489
1667925930198	mozrunner::runner	INFO	Running command: "/usr/bin/firefox" "--marionette" "--remote-debugging-port" "55545" "--remote-allow-hosts" "localhost" "-no-remote" "-profile" "/tmp/rust_mozprofileogE4a8"
ATTENTION: default value of option mesa_glthread overridden by environment.
ATTENTION: default value of option mesa_glthread overridden by environment.
ATTENTION: default value of option mesa_glthread overridden by environment.
ATTENTION: default value of option mesa_glthread overridden by environment.
1667925930803	Marionette	INFO	Marionette enabled
1667925930807	Marionette	INFO	Listening on port 35921
Read port: 35921
WebDriver BiDi listening on ws://127.0.0.1:55545
1667925930945	RemoteAgent	WARN	TLS certificate errors will be ignored for this session
console.warn: SearchSettings: "get: No settings file exists, new profile?" (new NotFoundError("Could not open the file at /tmp/rust_mozprofileogE4a8/search.json.mozlz4", (void 0)))
DevTools listening on ws://127.0.0.1:55545/devtools/browser/ec2b54f2-f65e-44fa-90fb-b7a62ea42b99
1667925932567	Marionette	INFO	Stopped listening on port 35921
console.error: services.settings: 
  main/query-stripping Signature failed  TypeError: NetworkError: Network request failed
1667925985365	geckodriver	INFO	Listening on 127.0.0.1:36275
1667925985418	mozrunner::runner	INFO	Running command: "/usr/bin/firefox" "--marionette" "--remote-debugging-port" "35223" "--remote-allow-hosts" "localhost" "-no-remote" "-profile" "/tmp/rust_mozprofilegYQLUP"
ATTENTION: default value of option mesa_glthread overridden by environment.
ATTENTION: default value of option mesa_glthread overridden by environment.
ATTENTION: default value of option mesa_glthread overridden by environment.
ATTENTION: default value of option mesa_glthread overridden by environment.
1667925986029	Marionette	INFO	Marionette enabled
1667925986033	Marionette	INFO	Listening on port 37141
Read port: 37141
WebDriver BiDi listening on ws://127.0.0.1:35223
1667925986171	RemoteAgent	WARN	TLS certificate errors will be ignored for this session
console.warn: SearchSettings: "get: No settings file exists, new profile?" (new NotFoundError("Could not open the file at /tmp/rust_mozprofilegYQLUP/search.json.mozlz4", (void 0)))
DevTools listening on ws://127.0.0.1:35223/devtools/browser/c21b033b-f5d1-4bf3-b04b-dc6cd84f41cc
1667925987861	Marionette	INFO	Stopped listening on port 37141
1667926000576	geckodriver	INFO	Listening on 127.0.0.1:34565
1667926000631	mozrunner::runner	INFO	Running command: "/usr/bin/firefox" "--marionette" "--remote-debugging-port" "55255" "--remote-allow-hosts" "localhost" "-no-remote" "-profile" "/tmp/rust_mozprofileBvkWZD"
ATTENTION: default value of option mesa_glthread overridden by environment.
ATTENTION: default value of option mesa_glthread overridden by environment.
ATTENTION: default value of option mesa_glthread overridden by environment.
ATTENTION: default value of option mesa_glthread overridden by environment.
1667926001251	Marionette	INFO	Marionette enabled
1667926001255	Marionette	INFO	Listening on port 44019
Read port: 44019
WebDriver BiDi listening on ws://127.0.0.1:55255
1667926001391	RemoteAgent	WARN	TLS certificate errors will be ignored for this session
console.warn: SearchSettings: "get: No settings file exists, new profile?" (new NotFoundError("Could not open the file at /tmp/rust_mozprofileBvkWZD/search.json.mozlz4", (void 0)))
DevTools listening on ws://127.0.0.1:55255/devtools/browser/838c267a-a17b-46bb-88b9-e4e24b2c0261
1667926033422	geckodriver	INFO	Listening on 127.0.0.1:42145
1667926033475	mozrunner::runner	INFO	Running command: "/usr/bin/firefox" "--marionette" "--remote-debugging-port" "52625" "--remote-allow-hosts" "localhost" "-no-remote" "-profile" "/tmp/rust_mozprofilekbm41n"
ATTENTION: default value of option mesa_glthread overridden by environment.
ATTENTION: default value of option mesa_glthread overridden by environment.
ATTENTION: default value of option mesa_glthread overridden by environment.
ATTENTION: default value of option mesa_glthread overridden by environment.
1667926034087	Marionette	INFO	Marionette enabled
1667926034091	Marionette	INFO	Listening on port 41483
Read port: 41483
WebDriver BiDi listening on ws://127.0.0.1:52625
1667926034249	RemoteAgent	WARN	TLS certificate errors will be ignored for this session
console.warn: SearchSettings: "get: No settings file exists, new profile?" (new NotFoundError("Could not open the file at /tmp/rust_mozprofilekbm41n/search.json.mozlz4", (void 0)))
DevTools listening on ws://127.0.0.1:52625/devtools/browser/c969dfb5-f953-493c-a9c0-03398adfc90f
1667926042717	Marionette	INFO	Stopped listening on port 44019
console.warn: TopSitesFeed: Failed to fetch data from Contile server: NetworkError when attempting to fetch resource.
1667926083325	Marionette	INFO	Stopped listening on port 41483
console.warn: TopSitesFeed: Failed to fetch data from Contile server: NetworkError when attempting to fetch resource.
1667926084739	geckodriver	INFO	Listening on 127.0.0.1:33367
1667926084790	mozrunner::runner	INFO	Running command: "/usr/bin/firefox" "--marionette" "--remote-debugging-port" "34905" "--remote-allow-hosts" "localhost" "-no-remote" "-profile" "/tmp/rust_mozprofilecbWotd"
ATTENTION: default value of option mesa_glthread overridden by environment.
ATTENTION: default value of option mesa_glthread overridden by environment.
ATTENTION: default value of option mesa_glthread overridden by environment.
ATTENTION: default value of option mesa_glthread overridden by environment.
1667926085456	Marionette	INFO	Marionette enabled
1667926085467	Marionette	INFO	Listening on port 32905
Read port: 32905
WebDriver BiDi listening on ws://127.0.0.1:34905
1667926085650	RemoteAgent	WARN	TLS certificate errors will be ignored for this session
console.warn: SearchSettings: "get: No settings file exists, new profile?" (new NotFoundError("Could not open the file at /tmp/rust_mozprofilecbWotd/search.json.mozlz4", (void 0)))
DevTools listening on ws://127.0.0.1:34905/devtools/browser/9f58aeb3-6291-4c83-a2bf-2b5946efa385
JavaScript error: https://a.apkpure.com/dt_report_v1110.js, line 1: TypeError: r[e] is undefined
JavaScript error: https://a.apkpure.com/dt_report_v1110.js, line 1: TypeError: r[e] is undefined
1667926292366	Marionette	INFO	Stopped listening on port 32905
1667926414203	geckodriver	INFO	Listening on 127.0.0.1:58657
1667926414255	mozrunner::runner	INFO	Running command: "/usr/bin/firefox" "--marionette" "--remote-debugging-port" "45667" "--remote-allow-hosts" "localhost" "-no-remote" "-profile" "/tmp/rust_mozprofileOslQhW"
ATTENTION: default value of option mesa_glthread overridden by environment.
ATTENTION: default value of option mesa_glthread overridden by environment.
ATTENTION: default value of option mesa_glthread overridden by environment.
ATTENTION: default value of option mesa_glthread overridden by environment.
1667926414932	Marionette	INFO	Marionette enabled
1667926414936	Marionette	INFO	Listening on port 37999
Read port: 37999
WebDriver BiDi listening on ws://127.0.0.1:45667
1667926415066	RemoteAgent	WARN	TLS certificate errors will be ignored for this session
console.warn: SearchSettings: "get: No settings file exists, new profile?" (new NotFoundError("Could not open the file at /tmp/rust_mozprofileOslQhW/search.json.mozlz4", (void 0)))
DevTools listening on ws://127.0.0.1:45667/devtools/browser/1a103034-a920-47f8-8bdd-7da00db7e39a
Exiting due to channel error.
Exiting due to channel error.
Exiting due to channel error.
1667927542858	geckodriver	INFO	Listening on 127.0.0.1:42069
1667927542910	mozrunner::runner	INFO	Running command: "/usr/bin/firefox" "--marionette" "--remote-debugging-port" "42209" "--remote-allow-hosts" "localhost" "-no-remote" "-profile" "/tmp/rust_mozprofileVvMd5g"
ATTENTION: default value of option mesa_glthread overridden by environment.
ATTENTION: default value of option mesa_glthread overridden by environment.
ATTENTION: default value of option mesa_glthread overridden by environment.
ATTENTION: default value of option mesa_glthread overridden by environment.
1667927543518	Marionette	INFO	Marionette enabled
1667927543523	Marionette	INFO	Listening on port 40915
Read port: 40915
WebDriver BiDi listening on ws://127.0.0.1:42209
1667927543672	RemoteAgent	WARN	TLS certificate errors will be ignored for this session
console.warn: SearchSettings: "get: No settings file exists, new profile?" (new NotFoundError("Could not open the file at /tmp/rust_mozprofileVvMd5g/search.json.mozlz4", (void 0)))
DevTools listening on ws://127.0.0.1:42209/devtools/browser/188001de-6815-473e-8498-6054c6d469a9
JavaScript error: https://a.apkpure.com/dt_report_v1110.js, line 1: TypeError: r[e] is undefined
JavaScript warning: https://pagead2.googlesyndication.com/bg/HZrunHRjvTX5MIeL6Ibl7iJKqMmAAzHWmbkaKM7M3x0.js line 2 > eval line 5223 > eval line 1 > eval line 1 > eval, line 1: WEBGL_debug_renderer_info is deprecated in Firefox and will be removed. Please use RENDERER.
1667927663024	geckodriver	INFO	Listening on 127.0.0.1:58811
1667927663079	mozrunner::runner	INFO	Running command: "/usr/bin/firefox" "--marionette" "--remote-debugging-port" "47371" "--remote-allow-hosts" "localhost" "-no-remote" "-profile" "/tmp/rust_mozprofileiaTv9y"
ATTENTION: default value of option mesa_glthread overridden by environment.
ATTENTION: default value of option mesa_glthread overridden by environment.
ATTENTION: default value of option mesa_glthread overridden by environment.
ATTENTION: default value of option mesa_glthread overridden by environment.
1667927663693	Marionette	INFO	Marionette enabled
1667927663698	Marionette	INFO	Listening on port 38157
Read port: 38157
WebDriver BiDi listening on ws://127.0.0.1:47371
1667927663833	RemoteAgent	WARN	TLS certificate errors will be ignored for this session
console.warn: SearchSettings: "get: No settings file exists, new profile?" (new NotFoundError("Could not open the file at /tmp/rust_mozprofileiaTv9y/search.json.mozlz4", (void 0)))
DevTools listening on ws://127.0.0.1:47371/devtools/browser/25e16631-6c0f-49ce-88ce-d42b5c86f28d
1667927666137	Marionette	INFO	Stopped listening on port 40915
console.warn: TopSitesFeed: Failed to fetch data from Contile server: NetworkError when attempting to fetch resource.
JavaScript warning: https://pagead2.googlesyndication.com/bg/HZrunHRjvTX5MIeL6Ibl7iJKqMmAAzHWmbkaKM7M3x0.js line 2 > eval line 7763 > eval line 1 > eval line 1 > eval, line 1: WEBGL_debug_renderer_info is deprecated in Firefox and will be removed. Please use RENDERER.
1667927782599	geckodriver	INFO	Listening on 127.0.0.1:46069
1667927782661	mozrunner::runner	INFO	Running command: "/usr/bin/firefox" "--marionette" "--remote-debugging-port" "52573" "--remote-allow-hosts" "localhost" "-no-remote" "-profile" "/tmp/rust_mozprofileg7QhCj"
ATTENTION: default value of option mesa_glthread overridden by environment.
ATTENTION: default value of option mesa_glthread overridden by environment.
ATTENTION: default value of option mesa_glthread overridden by environment.
ATTENTION: default value of option mesa_glthread overridden by environment.
1667927783562	Marionette	INFO	Marionette enabled
1667927783567	Marionette	INFO	Listening on port 40181
Read port: 40181
WebDriver BiDi listening on ws://127.0.0.1:52573
1667927783732	RemoteAgent	WARN	TLS certificate errors will be ignored for this session
console.warn: SearchSettings: "get: No settings file exists, new profile?" (new NotFoundError("Could not open the file at /tmp/rust_mozprofileg7QhCj/search.json.mozlz4", (void 0)))
DevTools listening on ws://127.0.0.1:52573/devtools/browser/218c9b52-d973-4500-a6b0-48b6f1854804
1667927786992	Marionette	INFO	Stopped listening on port 38157
JavaScript error: , line 0: TypeError: NetworkError when attempting to fetch resource.
JavaScript error: , line 0: TypeError: NetworkError when attempting to fetch resource.
JavaScript error: , line 0: TypeError: NetworkError when attempting to fetch resource.
Exiting due to channel error.
Exiting due to channel error.
Exiting due to channel error.
1667928099546	geckodriver	INFO	Listening on 127.0.0.1:49009
1667928099603	mozrunner::runner	INFO	Running command: "/usr/bin/firefox" "--marionette" "--remote-debugging-port" "56371" "--remote-allow-hosts" "localhost" "-no-remote" "-profile" "/tmp/rust_mozprofilerxDQaa"
ATTENTION: default value of option mesa_glthread overridden by environment.
ATTENTION: default value of option mesa_glthread overridden by environment.
ATTENTION: default value of option mesa_glthread overridden by environment.
ATTENTION: default value of option mesa_glthread overridden by environment.
1667928100260	Marionette	INFO	Marionette enabled
1667928100265	Marionette	INFO	Listening on port 35607
Read port: 35607
WebDriver BiDi listening on ws://127.0.0.1:56371
1667928100402	RemoteAgent	WARN	TLS certificate errors will be ignored for this session
console.warn: SearchSettings: "get: No settings file exists, new profile?" (new NotFoundError("Could not open the file at /tmp/rust_mozprofilerxDQaa/search.json.mozlz4", (void 0)))
DevTools listening on ws://127.0.0.1:56371/devtools/browser/8b602311-6213-46ea-b97a-b4c9717249c4
Exiting due to channel error.
Exiting due to channel error.
Exiting due to channel error.
1667928146815	geckodriver	INFO	Listening on 127.0.0.1:47261
1667928146871	mozrunner::runner	INFO	Running command: "/usr/bin/firefox" "--marionette" "--remote-debugging-port" "43557" "--remote-allow-hosts" "localhost" "-no-remote" "-profile" "/tmp/rust_mozprofileaiJpRe"
ATTENTION: default value of option mesa_glthread overridden by environment.
ATTENTION: default value of option mesa_glthread overridden by environment.
ATTENTION: default value of option mesa_glthread overridden by environment.
ATTENTION: default value of option mesa_glthread overridden by environment.
1667928147522	Marionette	INFO	Marionette enabled
1667928147526	Marionette	INFO	Listening on port 41523
Read port: 41523
WebDriver BiDi listening on ws://127.0.0.1:43557
1667928147673	RemoteAgent	WARN	TLS certificate errors will be ignored for this session
console.warn: SearchSettings: "get: No settings file exists, new profile?" (new NotFoundError("Could not open the file at /tmp/rust_mozprofileaiJpRe/search.json.mozlz4", (void 0)))
DevTools listening on ws://127.0.0.1:43557/devtools/browser/4f95c682-268b-4da8-b67f-911d14311fcc
Exiting due to channel error.
Exiting due to channel error.
Exiting due to channel error.
1667928249333	geckodriver	INFO	Listening on 127.0.0.1:47365
1667928249391	mozrunner::runner	INFO	Running command: "/usr/bin/firefox" "--marionette" "--remote-debugging-port" "53835" "--remote-allow-hosts" "localhost" "-no-remote" "-profile" "/tmp/rust_mozprofile7zPXcu"
ATTENTION: default value of option mesa_glthread overridden by environment.
ATTENTION: default value of option mesa_glthread overridden by environment.
ATTENTION: default value of option mesa_glthread overridden by environment.
ATTENTION: default value of option mesa_glthread overridden by environment.
1667928250077	Marionette	INFO	Marionette enabled
1667928250082	Marionette	INFO	Listening on port 39141
Read port: 39141
WebDriver BiDi listening on ws://127.0.0.1:53835
1667928250218	RemoteAgent	WARN	TLS certificate errors will be ignored for this session
console.warn: SearchSettings: "get: No settings file exists, new profile?" (new NotFoundError("Could not open the file at /tmp/rust_mozprofile7zPXcu/search.json.mozlz4", (void 0)))
DevTools listening on ws://127.0.0.1:53835/devtools/browser/e2fab7f0-2a3f-450a-b5a3-e2b40d510cbe
Exiting due to channel error.
Exiting due to channel error.
Exiting due to channel error.
1667928320335	geckodriver	INFO	Listening on 127.0.0.1:52939
1667928320387	mozrunner::runner	INFO	Running command: "/usr/bin/firefox" "--marionette" "--remote-debugging-port" "33501" "--remote-allow-hosts" "localhost" "-no-remote" "-profile" "/tmp/rust_mozprofileea2QEn"
ATTENTION: default value of option mesa_glthread overridden by environment.
ATTENTION: default value of option mesa_glthread overridden by environment.
ATTENTION: default value of option mesa_glthread overridden by environment.
ATTENTION: default value of option mesa_glthread overridden by environment.
1667928321150	Marionette	INFO	Marionette enabled
1667928321155	Marionette	INFO	Listening on port 42009
Read port: 42009
WebDriver BiDi listening on ws://127.0.0.1:33501
1667928321334	RemoteAgent	WARN	TLS certificate errors will be ignored for this session
console.warn: SearchSettings: "get: No settings file exists, new profile?" (new NotFoundError("Could not open the file at /tmp/rust_mozprofileea2QEn/search.json.mozlz4", (void 0)))
DevTools listening on ws://127.0.0.1:33501/devtools/browser/57250357-39fc-4f23-98b3-76f3da1a77e6
Exiting due to channel error.
Exiting due to channel error.
Exiting due to channel error.
1667928539762	geckodriver	INFO	Listening on 127.0.0.1:39807
1667928539819	mozrunner::runner	INFO	Running command: "/usr/bin/firefox" "--marionette" "--remote-debugging-port" "60853" "--remote-allow-hosts" "localhost" "-no-remote" "-profile" "/tmp/rust_mozprofileoA0F4s"
ATTENTION: default value of option mesa_glthread overridden by environment.
ATTENTION: default value of option mesa_glthread overridden by environment.
ATTENTION: default value of option mesa_glthread overridden by environment.
ATTENTION: default value of option mesa_glthread overridden by environment.
1667928540500	Marionette	INFO	Marionette enabled
1667928540506	Marionette	INFO	Listening on port 45061
Read port: 45061
WebDriver BiDi listening on ws://127.0.0.1:60853
1667928540647	RemoteAgent	WARN	TLS certificate errors will be ignored for this session
console.warn: SearchSettings: "get: No settings file exists, new profile?" (new NotFoundError("Could not open the file at /tmp/rust_mozprofileoA0F4s/search.json.mozlz4", (void 0)))
DevTools listening on ws://127.0.0.1:60853/devtools/browser/c1c22d11-c271-47d7-875f-70609318e3eb
JavaScript error: https://a.apkpure.com/dt_report_v1110.js, line 1: TypeError: r[e] is undefined
1667928821707	Marionette	INFO	Stopped listening on port 45061
1667928934225	geckodriver	INFO	Listening on 127.0.0.1:43677
1667928934279	mozrunner::runner	INFO	Running command: "/usr/bin/firefox" "--marionette" "--remote-debugging-port" "49493" "--remote-allow-hosts" "localhost" "-no-remote" "-profile" "/tmp/rust_mozprofileDpSx3C"
ATTENTION: default value of option mesa_glthread overridden by environment.
ATTENTION: default value of option mesa_glthread overridden by environment.
ATTENTION: default value of option mesa_glthread overridden by environment.
ATTENTION: default value of option mesa_glthread overridden by environment.
1667928934943	Marionette	INFO	Marionette enabled
1667928934947	Marionette	INFO	Listening on port 45547
Read port: 45547
WebDriver BiDi listening on ws://127.0.0.1:49493
1667928935083	RemoteAgent	WARN	TLS certificate errors will be ignored for this session
console.warn: SearchSettings: "get: No settings file exists, new profile?" (new NotFoundError("Could not open the file at /tmp/rust_mozprofileDpSx3C/search.json.mozlz4", (void 0)))
DevTools listening on ws://127.0.0.1:49493/devtools/browser/2b0e5f16-be3d-4228-ad96-ed2fcd136039
JavaScript error: https://a.apkpure.com/dt_report_v1110.js, line 1: TypeError: r[e] is undefined
JavaScript error: https://a.apkpure.com/dt_report_v1110.js, line 1: TypeError: r[e] is undefined
JavaScript warning: https://pagead2.googlesyndication.com/bg/HZrunHRjvTX5MIeL6Ibl7iJKqMmAAzHWmbkaKM7M3x0.js line 2 > eval line 2515 > eval line 1 > eval line 1 > eval, line 1: WEBGL_debug_renderer_info is deprecated in Firefox and will be removed. Please use RENDERER.
1667929512723	geckodriver	INFO	Listening on 127.0.0.1:34823
1667929512761	mozrunner::runner	INFO	Running command: "/usr/bin/firefox" "--marionette" "--remote-debugging-port" "34247" "--remote-allow-hosts" "localhost" "-no-remote" "-profile" "/tmp/rust_mozprofilecsjOiP"
ATTENTION: default value of option mesa_glthread overridden by environment.
ATTENTION: default value of option mesa_glthread overridden by environment.
ATTENTION: default value of option mesa_glthread overridden by environment.
ATTENTION: default value of option mesa_glthread overridden by environment.
1667929513434	Marionette	INFO	Marionette enabled
1667929513439	Marionette	INFO	Listening on port 34689
Read port: 34689
WebDriver BiDi listening on ws://127.0.0.1:34247
1667929513575	RemoteAgent	WARN	TLS certificate errors will be ignored for this session
console.warn: SearchSettings: "get: No settings file exists, new profile?" (new NotFoundError("Could not open the file at /tmp/rust_mozprofilecsjOiP/search.json.mozlz4", (void 0)))
DevTools listening on ws://127.0.0.1:34247/devtools/browser/6ac3d67e-63ee-4d07-a39f-c82731bc99b4
1667930215637	Marionette	INFO	Stopped listening on port 45547
JavaScript error: , line 0: TypeError: NetworkError when attempting to fetch resource.
JavaScript error: , line 0: TypeError: NetworkError when attempting to fetch resource.
JavaScript error: , line 0: TypeError: NetworkError when attempting to fetch resource.
console.warn: TopSitesFeed: Failed to fetch data from Contile server: NetworkError when attempting to fetch resource.
JavaScript error: https://a.apkpure.com/dt_report_v1110.js, line 1: TypeError: r[e] is undefined
JavaScript error: https://a.apkpure.com/dt_report_v1110.js, line 1: TypeError: r[e] is undefined
JavaScript error: https://a.apkpure.com/dt_report_v1110.js, line 1: TypeError: r[e] is undefined
JavaScript error: https://a.apkpure.com/dt_report_v1109.js, line 1: TypeError: i[e] is undefined
JavaScript error: https://a.apkpure.com/dt_report_v1110.js, line 1: TypeError: r[e] is undefined
JavaScript error: https://a.apkpure.com/dt_report_v1110.js, line 1: TypeError: r[e] is undefined
JavaScript error: https://a.apkpure.com/dt_report_v1110.js, line 1: TypeError: r[e] is undefined
JavaScript error: https://a.apkpure.com/dt_report_v1110.js, line 1: TypeError: r[e] is undefined
JavaScript error: https://a.apkpure.com/dt_report_v1110.js, line 1: TypeError: r[e] is undefined
JavaScript error: https://a.apkpure.com/dt_report_v1110.js, line 1: TypeError: r[e] is undefined
Exiting due to channel error.
Exiting due to channel error.
Exiting due to channel error.
